<?xml version="1.0" encoding="UTF-8"?>
<!-- Generated by org.testng.reporters.JUnitXMLReporter -->
<testsuite hostname="LAPTOP" ignored="0" name="Test" tests="3" failures="1" timestamp="19 Apr 2021 16:20:57 GMT" time="95.705" errors="0">
  <testcase name="company_branch" time="31.133" classname="payroll.company"/>
  <testcase name="branch_branch" time="15.919" classname="payroll.company">
    <failure type="java.lang.AssertionError" message="expected [test] but found [Alpha_new]">
      <![CDATA[java.lang.AssertionError: expected [test] but found [Alpha_new]
	at common.Utility.hardAssert(Utility.java:121)
	at payroll.company.branch_branch(company.java:104)
... Removed 31 stack frames]]>
    </failure>
  </testcase> <!-- branch_branch -->
  <testcase name="division_branch" time="10.656" classname="payroll.company"/>
</testsuite> <!-- Test -->
