<?xml version="1.0" encoding="UTF-8"?>
<!-- Generated by org.testng.reporters.JUnitXMLReporter -->
<testsuite hostname="LAPTOP" ignored="0" name="Test 1" tests="8" failures="1" timestamp="19 Apr 2021 16:22:45 GMT" time="108.197" errors="0">
  <testcase name="createWorker" time="28.715" classname="payroll.workers">
    <failure type="java.lang.AssertionError" message="expected [Worker Bank details: PattimattamMatthay] but found [Worker Bank details: Pattimattam]">
      <![CDATA[java.lang.AssertionError: expected [Worker Bank details: PattimattamMatthay] but found [Worker Bank details: Pattimattam]
	at common.Utility.hardAssert(Utility.java:121)
	at payroll.workers.createWorker(workers.java:124)
... Removed 31 stack frames]]>
    </failure>
  </testcase> <!-- createWorker -->
  <testcase name="bankDetails" time="6.337" classname="payroll.workers"/>
  <testcase name="paysliphistory" time="5.886" classname="payroll.workers"/>
  <testcase name="paysliptimesheethistory" time="4.988" classname="payroll.workers"/>
  <testcase name="payslipdeductionhistory" time="4.794" classname="payroll.workers"/>
  <testcase name="workerRate" time="13.306" classname="payroll.workers"/>
  <testcase name="workerExpense" time="11.911" classname="payroll.workers"/>
  <testcase name="searchWorker" time="4.438" classname="payroll.workers"/>
</testsuite> <!-- Test 1 -->
