<?xml version="1.0" encoding="UTF-8"?>
<!-- Generated by org.testng.reporters.JUnitXMLReporter -->
<testsuite hostname="LAPTOP" ignored="0" name="Test 3" tests="4" failures="0" timestamp="19 Apr 2021 16:24:47 GMT" time="79.552" errors="0">
  <testcase name="createClient" time="32.192" classname="payroll.client"/>
  <testcase name="searchClient" time="5.788" classname="payroll.client"/>
  <testcase name="view" time="9.642" classname="payroll.client"/>
  <testcase name="update" time="14.726" classname="payroll.client"/>
</testsuite> <!-- Test 3 -->
